<?xml version="1.0" encoding="UTF-8"?>
<testng-results ignored="0" total="1" passed="1" failed="0" skipped="0">
  <reporter-output>
  </reporter-output>
  <suite started-at="2019-12-27T11:05:50Z" name="Surefire suite" finished-at="2019-12-27T11:05:50Z" duration-ms="42">
    <groups>
    </groups>
    <test started-at="2019-12-27T11:05:50Z" name="Surefire test" finished-at="2019-12-27T11:05:50Z" duration-ms="42">
      <class name="com.mycompany.app.AppTest">
        <test-method signature="shouldAnswerWithTrue()" started-at="2019-12-27T11:05:50Z" name="shouldAnswerWithTrue" finished-at="2019-12-27T11:05:50Z" duration-ms="6" status="PASS">
          <reporter-output>
          </reporter-output>
        </test-method> <!-- shouldAnswerWithTrue -->
      </class> <!-- com.mycompany.app.AppTest -->
    </test> <!-- Surefire test -->
  </suite> <!-- Surefire suite -->
</testng-results>
