<?xml version="1.0" encoding="UTF-8"?>
<testng-results ignored="0" total="2" passed="2" failed="0" skipped="0">
  <reporter-output>
  </reporter-output>
  <suite started-at="2019-12-30T00:16:08 AEDT" name="Default suite" finished-at="2019-12-30T00:16:20 AEDT" duration-ms="12059">
    <groups>
    </groups>
    <test started-at="2019-12-30T00:16:08 AEDT" name="Default test" finished-at="2019-12-30T00:16:20 AEDT" duration-ms="12059">
      <class name="com.mycompany.app.HomePage">
        <test-method is-config="true" signature="baseNavigation()[pri:0, instance:com.mycompany.app.HomePage@436813f3]" started-at="2019-12-30T00:16:08 AEDT" name="baseNavigation" finished-at="2019-12-30T00:16:16 AEDT" duration-ms="7526" status="PASS">
          <reporter-output>
          </reporter-output>
        </test-method> <!-- baseNavigation -->
        <test-method signature="landingPageTest()[pri:0, instance:com.mycompany.app.HomePage@436813f3]" started-at="2019-12-30T00:16:16 AEDT" name="landingPageTest" finished-at="2019-12-30T00:16:17 AEDT" duration-ms="1262" status="PASS">
          <reporter-output>
          </reporter-output>
        </test-method> <!-- landingPageTest -->
        <test-method signature="toDoPageTest()[pri:2, instance:com.mycompany.app.HomePage@436813f3]" started-at="2019-12-30T00:16:17 AEDT" name="toDoPageTest" finished-at="2019-12-30T00:16:19 AEDT" duration-ms="2452" status="PASS">
          <reporter-output>
          </reporter-output>
        </test-method> <!-- toDoPageTest -->
        <test-method is-config="true" signature="quitBrowser()[pri:0, instance:com.mycompany.app.HomePage@436813f3]" started-at="2019-12-30T00:16:19 AEDT" name="quitBrowser" finished-at="2019-12-30T00:16:20 AEDT" duration-ms="780" status="PASS">
          <reporter-output>
          </reporter-output>
        </test-method> <!-- quitBrowser -->
      </class> <!-- com.mycompany.app.HomePage -->
    </test> <!-- Default test -->
  </suite> <!-- Default suite -->
</testng-results>
